INFO - 2019-05-13 --> Config Class Initialized
INFO - 2019-05-13 --> Hooks Class Initialized
DEBUG - 2019-05-13 --> UTF-8 Support Enabled
INFO - 2019-05-13 --> Utf8 Class Initialized
INFO - 2019-05-13 --> URI Class Initialized
DEBUG - 2019-05-13 --> No URI present. Default controller set.
INFO - 2019-05-13 --> Router Class Initialized
INFO - 2019-05-13 --> Output Class Initialized
INFO - 2019-05-13 --> Security Class Initialized
DEBUG - 2019-05-13 --> Global POST, GET and COOKIE data sanitized
INFO - 2019-05-13 --> Input Class Initialized
INFO - 2019-05-13 --> Language Class Initialized
INFO - 2019-05-13 --> Loader Class Initialized
DEBUG - 2019-05-13 --> Config file loaded: D:\webroot\project_svn\shopbase\controllCenter\zmcc\config/menu.php
DEBUG - 2019-05-13 --> Config file loaded: D:\webroot\project_svn\shopbase\controllCenter\zmcc\config/pagination.php
INFO - 2019-05-13 --> Helper loaded: url_helper
INFO - 2019-05-13 --> Helper loaded: array_helper
INFO - 2019-05-13 --> Database Driver Class Initialized
INFO - 2019-05-13 --> Session: Class initialized using 'database' driver.
INFO - 2019-05-13 --> Model Class Initialized
INFO - 2019-05-13 --> Config Class Initialized
INFO - 2019-05-13 --> Hooks Class Initialized
DEBUG - 2019-05-13 --> UTF-8 Support Enabled
INFO - 2019-05-13 --> Utf8 Class Initialized
INFO - 2019-05-13 --> URI Class Initialized
INFO - 2019-05-13 --> Router Class Initialized
INFO - 2019-05-13 --> Output Class Initialized
INFO - 2019-05-13 --> Security Class Initialized
DEBUG - 2019-05-13 --> Global POST, GET and COOKIE data sanitized
INFO - 2019-05-13 --> Input Class Initialized
INFO - 2019-05-13 --> Language Class Initialized
INFO - 2019-05-13 --> Loader Class Initialized
DEBUG - 2019-05-13 --> Config file loaded: D:\webroot\project_svn\shopbase\controllCenter\zmcc\config/menu.php
DEBUG - 2019-05-13 --> Config file loaded: D:\webroot\project_svn\shopbase\controllCenter\zmcc\config/pagination.php
INFO - 2019-05-13 --> Helper loaded: url_helper
INFO - 2019-05-13 --> Helper loaded: array_helper
INFO - 2019-05-13 --> Database Driver Class Initialized
INFO - 2019-05-13 --> Session: Class initialized using 'database' driver.
INFO - 2019-05-13 --> Model Class Initialized
INFO - 2019-05-13 --> Controller Class Initialized
INFO - 2019-05-13 --> Model Class Initialized
INFO - 2019-05-13 --> Model Class Initialized
INFO - 2019-05-13 --> Helper loaded: form_helper
INFO - 2019-05-13 --> Form Validation Class Initialized
INFO - 2019-05-13 --> File loaded: D:\webroot\project_svn\shopbase\controllCenter\zmcc\views\login.php
INFO - 2019-05-13 --> Final output sent to browser
DEBUG - 2019-05-13 --> Total execution time: 0.5109
INFO - 2019-05-13 --> Config Class Initialized
INFO - 2019-05-13 --> Hooks Class Initialized
DEBUG - 2019-05-13 --> UTF-8 Support Enabled
INFO - 2019-05-13 --> Utf8 Class Initialized
INFO - 2019-05-13 --> URI Class Initialized
INFO - 2019-05-13 --> Router Class Initialized
INFO - 2019-05-13 --> Output Class Initialized
INFO - 2019-05-13 --> Security Class Initialized
DEBUG - 2019-05-13 --> Global POST, GET and COOKIE data sanitized
INFO - 2019-05-13 --> Input Class Initialized
INFO - 2019-05-13 --> Language Class Initialized
ERROR - 2019-05-13 --> 404 Page Not Found: Faviconico/index
INFO - 2019-05-13 --> Config Class Initialized
INFO - 2019-05-13 --> Hooks Class Initialized
DEBUG - 2019-05-13 --> UTF-8 Support Enabled
INFO - 2019-05-13 --> Utf8 Class Initialized
INFO - 2019-05-13 --> URI Class Initialized
INFO - 2019-05-13 --> Router Class Initialized
INFO - 2019-05-13 --> Output Class Initialized
INFO - 2019-05-13 --> Security Class Initialized
DEBUG - 2019-05-13 --> Global POST, GET and COOKIE data sanitized
INFO - 2019-05-13 --> Input Class Initialized
INFO - 2019-05-13 --> Language Class Initialized
INFO - 2019-05-13 --> Loader Class Initialized
DEBUG - 2019-05-13 --> Config file loaded: D:\webroot\project_svn\shopbase\controllCenter\zmcc\config/menu.php
DEBUG - 2019-05-13 --> Config file loaded: D:\webroot\project_svn\shopbase\controllCenter\zmcc\config/pagination.php
INFO - 2019-05-13 --> Helper loaded: url_helper
INFO - 2019-05-13 --> Helper loaded: array_helper
INFO - 2019-05-13 --> Database Driver Class Initialized
INFO - 2019-05-13 --> Session: Class initialized using 'database' driver.
INFO - 2019-05-13 --> Model Class Initialized
INFO - 2019-05-13 --> Controller Class Initialized
INFO - 2019-05-13 --> Model Class Initialized
INFO - 2019-05-13 --> Model Class Initialized
INFO - 2019-05-13 --> Helper loaded: form_helper
INFO - 2019-05-13 --> Form Validation Class Initialized
INFO - 2019-05-13 --> Language file loaded: language/zh_cn/form_validation_lang.php
INFO - 2019-05-13 --> Config Class Initialized
INFO - 2019-05-13 --> Hooks Class Initialized
DEBUG - 2019-05-13 --> UTF-8 Support Enabled
INFO - 2019-05-13 --> Utf8 Class Initialized
INFO - 2019-05-13 --> URI Class Initialized
INFO - 2019-05-13 --> Router Class Initialized
INFO - 2019-05-13 --> Output Class Initialized
INFO - 2019-05-13 --> Security Class Initialized
DEBUG - 2019-05-13 --> Global POST, GET and COOKIE data sanitized
INFO - 2019-05-13 --> Input Class Initialized
INFO - 2019-05-13 --> Language Class Initialized
INFO - 2019-05-13 --> Loader Class Initialized
DEBUG - 2019-05-13 --> Config file loaded: D:\webroot\project_svn\shopbase\controllCenter\zmcc\config/menu.php
DEBUG - 2019-05-13 --> Config file loaded: D:\webroot\project_svn\shopbase\controllCenter\zmcc\config/pagination.php
INFO - 2019-05-13 --> Helper loaded: url_helper
INFO - 2019-05-13 --> Helper loaded: array_helper
INFO - 2019-05-13 --> Database Driver Class Initialized
INFO - 2019-05-13 --> Session: Class initialized using 'database' driver.
INFO - 2019-05-13 --> Model Class Initialized
INFO - 2019-05-13 --> Controller Class Initialized
INFO - 2019-05-13 --> Model Class Initialized
INFO - 2019-05-13 --> Model Class Initialized
INFO - 2019-05-13 --> Model Class Initialized
INFO - 2019-05-13 --> Model Class Initialized
INFO - 2019-05-13 --> Model Class Initialized
INFO - 2019-05-13 --> Model Class Initialized
INFO - 2019-05-13 --> Model Class Initialized
INFO - 2019-05-13 --> Model Class Initialized
INFO - 2019-05-13 --> File loaded: D:\webroot\project_svn\shopbase\controllCenter\zmcc\views\index.php
INFO - 2019-05-13 --> Final output sent to browser
DEBUG - 2019-05-13 --> Total execution time: 1.3344
INFO - 2019-05-13 --> Config Class Initialized
INFO - 2019-05-13 --> Hooks Class Initialized
DEBUG - 2019-05-13 --> UTF-8 Support Enabled
INFO - 2019-05-13 --> Utf8 Class Initialized
INFO - 2019-05-13 --> URI Class Initialized
INFO - 2019-05-13 --> Router Class Initialized
INFO - 2019-05-13 --> Output Class Initialized
INFO - 2019-05-13 --> Security Class Initialized
DEBUG - 2019-05-13 --> Global POST, GET and COOKIE data sanitized
INFO - 2019-05-13 --> Input Class Initialized
INFO - 2019-05-13 --> Language Class Initialized
INFO - 2019-05-13 --> Loader Class Initialized
DEBUG - 2019-05-13 --> Config file loaded: D:\webroot\project_svn\shopbase\controllCenter\zmcc\config/menu.php
DEBUG - 2019-05-13 --> Config file loaded: D:\webroot\project_svn\shopbase\controllCenter\zmcc\config/pagination.php
INFO - 2019-05-13 --> Helper loaded: url_helper
INFO - 2019-05-13 --> Helper loaded: array_helper
INFO - 2019-05-13 --> Database Driver Class Initialized
INFO - 2019-05-13 --> Session: Class initialized using 'database' driver.
INFO - 2019-05-13 --> Model Class Initialized
INFO - 2019-05-13 --> Controller Class Initialized
INFO - 2019-05-13 --> Model Class Initialized
INFO - 2019-05-13 --> Language file loaded: language/zh_cn/pagination_lang.php
INFO - 2019-05-13 --> Pagination Class Initialized
INFO - 2019-05-13 --> Helper loaded: form_helper
INFO - 2019-05-13 --> Form Validation Class Initialized
INFO - 2019-05-13 --> Model Class Initialized
INFO - 2019-05-13 --> Helper loaded: string_helper
INFO - 2019-05-13 --> File loaded: D:\webroot\project_svn\shopbase\controllCenter\zmcc\views\product.php
INFO - 2019-05-13 --> Final output sent to browser
DEBUG - 2019-05-13 --> Total execution time: 0.5245
INFO - 2019-05-13 --> Config Class Initialized
INFO - 2019-05-13 --> Hooks Class Initialized
DEBUG - 2019-05-13 --> UTF-8 Support Enabled
INFO - 2019-05-13 --> Utf8 Class Initialized
INFO - 2019-05-13 --> URI Class Initialized
INFO - 2019-05-13 --> Router Class Initialized
INFO - 2019-05-13 --> Output Class Initialized
INFO - 2019-05-13 --> Security Class Initialized
DEBUG - 2019-05-13 --> Global POST, GET and COOKIE data sanitized
INFO - 2019-05-13 --> Input Class Initialized
INFO - 2019-05-13 --> Language Class Initialized
INFO - 2019-05-13 --> Loader Class Initialized
DEBUG - 2019-05-13 --> Config file loaded: D:\webroot\project_svn\shopbase\controllCenter\zmcc\config/menu.php
DEBUG - 2019-05-13 --> Config file loaded: D:\webroot\project_svn\shopbase\controllCenter\zmcc\config/pagination.php
INFO - 2019-05-13 --> Helper loaded: url_helper
INFO - 2019-05-13 --> Helper loaded: array_helper
INFO - 2019-05-13 --> Database Driver Class Initialized
INFO - 2019-05-13 --> Session: Class initialized using 'database' driver.
INFO - 2019-05-13 --> Model Class Initialized
INFO - 2019-05-13 --> Controller Class Initialized
INFO - 2019-05-13 --> Model Class Initialized
INFO - 2019-05-13 --> Model Class Initialized
INFO - 2019-05-13 --> Language file loaded: language/zh_cn/pagination_lang.php
INFO - 2019-05-13 --> Pagination Class Initialized
INFO - 2019-05-13 --> File loaded: D:\webroot\project_svn\shopbase\controllCenter\zmcc\views\supplier.php
INFO - 2019-05-13 --> Final output sent to browser
DEBUG - 2019-05-13 --> Total execution time: 0.3737
INFO - 2019-05-13 --> Config Class Initialized
INFO - 2019-05-13 --> Hooks Class Initialized
DEBUG - 2019-05-13 --> UTF-8 Support Enabled
INFO - 2019-05-13 --> Utf8 Class Initialized
INFO - 2019-05-13 --> URI Class Initialized
INFO - 2019-05-13 --> Router Class Initialized
INFO - 2019-05-13 --> Output Class Initialized
INFO - 2019-05-13 --> Security Class Initialized
DEBUG - 2019-05-13 --> Global POST, GET and COOKIE data sanitized
INFO - 2019-05-13 --> Input Class Initialized
INFO - 2019-05-13 --> Language Class Initialized
INFO - 2019-05-13 --> Loader Class Initialized
DEBUG - 2019-05-13 --> Config file loaded: D:\webroot\project_svn\shopbase\controllCenter\zmcc\config/menu.php
DEBUG - 2019-05-13 --> Config file loaded: D:\webroot\project_svn\shopbase\controllCenter\zmcc\config/pagination.php
INFO - 2019-05-13 --> Helper loaded: url_helper
INFO - 2019-05-13 --> Helper loaded: array_helper
INFO - 2019-05-13 --> Database Driver Class Initialized
INFO - 2019-05-13 --> Session: Class initialized using 'database' driver.
INFO - 2019-05-13 --> Model Class Initialized
INFO - 2019-05-13 --> Controller Class Initialized
INFO - 2019-05-13 --> Model Class Initialized
INFO - 2019-05-13 --> Model Class Initialized
INFO - 2019-05-13 --> Helper loaded: form_helper
INFO - 2019-05-13 --> Form Validation Class Initialized
INFO - 2019-05-13 --> File loaded: D:\webroot\project_svn\shopbase\controllCenter\zmcc\views\supplier_add.php
INFO - 2019-05-13 --> Final output sent to browser
DEBUG - 2019-05-13 --> Total execution time: 0.3886
INFO - 2019-05-13 --> Config Class Initialized
INFO - 2019-05-13 --> Hooks Class Initialized
DEBUG - 2019-05-13 --> UTF-8 Support Enabled
INFO - 2019-05-13 --> Utf8 Class Initialized
INFO - 2019-05-13 --> URI Class Initialized
INFO - 2019-05-13 --> Router Class Initialized
INFO - 2019-05-13 --> Output Class Initialized
INFO - 2019-05-13 --> Security Class Initialized
DEBUG - 2019-05-13 --> Global POST, GET and COOKIE data sanitized
INFO - 2019-05-13 --> Input Class Initialized
INFO - 2019-05-13 --> Language Class Initialized
INFO - 2019-05-13 --> Loader Class Initialized
DEBUG - 2019-05-13 --> Config file loaded: D:\webroot\project_svn\shopbase\controllCenter\zmcc\config/menu.php
DEBUG - 2019-05-13 --> Config file loaded: D:\webroot\project_svn\shopbase\controllCenter\zmcc\config/pagination.php
INFO - 2019-05-13 --> Helper loaded: url_helper
INFO - 2019-05-13 --> Helper loaded: array_helper
INFO - 2019-05-13 --> Database Driver Class Initialized
INFO - 2019-05-13 --> Session: Class initialized using 'database' driver.
INFO - 2019-05-13 --> Model Class Initialized
INFO - 2019-05-13 --> Controller Class Initialized
INFO - 2019-05-13 --> Model Class Initialized
INFO - 2019-05-13 --> Model Class Initialized
INFO - 2019-05-13 --> Language file loaded: language/zh_cn/pagination_lang.php
INFO - 2019-05-13 --> Pagination Class Initialized
INFO - 2019-05-13 --> File loaded: D:\webroot\project_svn\shopbase\controllCenter\zmcc\views\supplier.php
INFO - 2019-05-13 --> Final output sent to browser
DEBUG - 2019-05-13 --> Total execution time: 0.3281
INFO - 2019-05-13 --> Config Class Initialized
INFO - 2019-05-13 --> Hooks Class Initialized
DEBUG - 2019-05-13 --> UTF-8 Support Enabled
INFO - 2019-05-13 --> Utf8 Class Initialized
INFO - 2019-05-13 --> URI Class Initialized
INFO - 2019-05-13 --> Router Class Initialized
INFO - 2019-05-13 --> Output Class Initialized
INFO - 2019-05-13 --> Security Class Initialized
DEBUG - 2019-05-13 --> Global POST, GET and COOKIE data sanitized
INFO - 2019-05-13 --> Input Class Initialized
INFO - 2019-05-13 --> Language Class Initialized
INFO - 2019-05-13 --> Loader Class Initialized
DEBUG - 2019-05-13 --> Config file loaded: D:\webroot\project_svn\shopbase\controllCenter\zmcc\config/menu.php
DEBUG - 2019-05-13 --> Config file loaded: D:\webroot\project_svn\shopbase\controllCenter\zmcc\config/pagination.php
INFO - 2019-05-13 --> Helper loaded: url_helper
INFO - 2019-05-13 --> Helper loaded: array_helper
INFO - 2019-05-13 --> Database Driver Class Initialized
INFO - 2019-05-13 --> Session: Class initialized using 'database' driver.
INFO - 2019-05-13 --> Model Class Initialized
INFO - 2019-05-13 --> Controller Class Initialized
INFO - 2019-05-13 --> Model Class Initialized
INFO - 2019-05-13 --> File loaded: D:\webroot\project_svn\shopbase\controllCenter\zmcc\views\commodityTyp.php
INFO - 2019-05-13 --> Final output sent to browser
DEBUG - 2019-05-13 --> Total execution time: 0.4768
INFO - 2019-05-13 --> Config Class Initialized
INFO - 2019-05-13 --> Hooks Class Initialized
DEBUG - 2019-05-13 --> UTF-8 Support Enabled
INFO - 2019-05-13 --> Utf8 Class Initialized
INFO - 2019-05-13 --> URI Class Initialized
INFO - 2019-05-13 --> Router Class Initialized
INFO - 2019-05-13 --> Output Class Initialized
INFO - 2019-05-13 --> Security Class Initialized
DEBUG - 2019-05-13 --> Global POST, GET and COOKIE data sanitized
INFO - 2019-05-13 --> Input Class Initialized
INFO - 2019-05-13 --> Language Class Initialized
INFO - 2019-05-13 --> Loader Class Initialized
DEBUG - 2019-05-13 --> Config file loaded: D:\webroot\project_svn\shopbase\controllCenter\zmcc\config/menu.php
DEBUG - 2019-05-13 --> Config file loaded: D:\webroot\project_svn\shopbase\controllCenter\zmcc\config/pagination.php
INFO - 2019-05-13 --> Helper loaded: url_helper
INFO - 2019-05-13 --> Helper loaded: array_helper
INFO - 2019-05-13 --> Database Driver Class Initialized
INFO - 2019-05-13 --> Session: Class initialized using 'database' driver.
INFO - 2019-05-13 --> Model Class Initialized
INFO - 2019-05-13 --> Controller Class Initialized
INFO - 2019-05-13 --> Model Class Initialized
INFO - 2019-05-13 --> File loaded: D:\webroot\project_svn\shopbase\controllCenter\zmcc\views\commodityTyp_add.php
INFO - 2019-05-13 --> Final output sent to browser
DEBUG - 2019-05-13 --> Total execution time: 0.5019
INFO - 2019-05-13 --> Config Class Initialized
INFO - 2019-05-13 --> Hooks Class Initialized
DEBUG - 2019-05-13 --> UTF-8 Support Enabled
INFO - 2019-05-13 --> Utf8 Class Initialized
INFO - 2019-05-13 --> URI Class Initialized
INFO - 2019-05-13 --> Router Class Initialized
INFO - 2019-05-13 --> Output Class Initialized
INFO - 2019-05-13 --> Security Class Initialized
DEBUG - 2019-05-13 --> Global POST, GET and COOKIE data sanitized
INFO - 2019-05-13 --> Input Class Initialized
INFO - 2019-05-13 --> Language Class Initialized
INFO - 2019-05-13 --> Loader Class Initialized
DEBUG - 2019-05-13 --> Config file loaded: D:\webroot\project_svn\shopbase\controllCenter\zmcc\config/menu.php
DEBUG - 2019-05-13 --> Config file loaded: D:\webroot\project_svn\shopbase\controllCenter\zmcc\config/pagination.php
INFO - 2019-05-13 --> Helper loaded: url_helper
INFO - 2019-05-13 --> Helper loaded: array_helper
INFO - 2019-05-13 --> Database Driver Class Initialized
INFO - 2019-05-13 --> Session: Class initialized using 'database' driver.
INFO - 2019-05-13 --> Model Class Initialized
INFO - 2019-05-13 --> Controller Class Initialized
INFO - 2019-05-13 --> Model Class Initialized
INFO - 2019-05-13 --> Language file loaded: language/zh_cn/pagination_lang.php
INFO - 2019-05-13 --> Pagination Class Initialized
INFO - 2019-05-13 --> Helper loaded: form_helper
INFO - 2019-05-13 --> Form Validation Class Initialized
DEBUG - 2019-05-13 --> Pagination class already loaded. Second attempt ignored.
INFO - 2019-05-13 --> File loaded: D:\webroot\project_svn\shopbase\controllCenter\zmcc\views\tag.php
INFO - 2019-05-13 --> Final output sent to browser
DEBUG - 2019-05-13 --> Total execution time: 0.4415
INFO - 2019-05-13 --> Config Class Initialized
INFO - 2019-05-13 --> Hooks Class Initialized
DEBUG - 2019-05-13 --> UTF-8 Support Enabled
INFO - 2019-05-13 --> Utf8 Class Initialized
INFO - 2019-05-13 --> URI Class Initialized
INFO - 2019-05-13 --> Router Class Initialized
INFO - 2019-05-13 --> Output Class Initialized
INFO - 2019-05-13 --> Security Class Initialized
DEBUG - 2019-05-13 --> Global POST, GET and COOKIE data sanitized
INFO - 2019-05-13 --> Input Class Initialized
INFO - 2019-05-13 --> Language Class Initialized
INFO - 2019-05-13 --> Loader Class Initialized
DEBUG - 2019-05-13 --> Config file loaded: D:\webroot\project_svn\shopbase\controllCenter\zmcc\config/menu.php
DEBUG - 2019-05-13 --> Config file loaded: D:\webroot\project_svn\shopbase\controllCenter\zmcc\config/pagination.php
INFO - 2019-05-13 --> Helper loaded: url_helper
INFO - 2019-05-13 --> Helper loaded: array_helper
INFO - 2019-05-13 --> Database Driver Class Initialized
INFO - 2019-05-13 --> Session: Class initialized using 'database' driver.
INFO - 2019-05-13 --> Model Class Initialized
INFO - 2019-05-13 --> Controller Class Initialized
INFO - 2019-05-13 --> Model Class Initialized
INFO - 2019-05-13 --> Model Class Initialized
INFO - 2019-05-13 --> Language file loaded: language/zh_cn/pagination_lang.php
INFO - 2019-05-13 --> Pagination Class Initialized
INFO - 2019-05-13 --> File loaded: D:\webroot\project_svn\shopbase\controllCenter\zmcc\views\comment.php
INFO - 2019-05-13 --> Final output sent to browser
DEBUG - 2019-05-13 --> Total execution time: 0.4887
INFO - 2019-05-13 --> Config Class Initialized
INFO - 2019-05-13 --> Hooks Class Initialized
DEBUG - 2019-05-13 --> UTF-8 Support Enabled
INFO - 2019-05-13 --> Utf8 Class Initialized
INFO - 2019-05-13 --> URI Class Initialized
INFO - 2019-05-13 --> Router Class Initialized
INFO - 2019-05-13 --> Output Class Initialized
INFO - 2019-05-13 --> Security Class Initialized
DEBUG - 2019-05-13 --> Global POST, GET and COOKIE data sanitized
INFO - 2019-05-13 --> Input Class Initialized
INFO - 2019-05-13 --> Language Class Initialized
INFO - 2019-05-13 --> Loader Class Initialized
DEBUG - 2019-05-13 --> Config file loaded: D:\webroot\project_svn\shopbase\controllCenter\zmcc\config/menu.php
DEBUG - 2019-05-13 --> Config file loaded: D:\webroot\project_svn\shopbase\controllCenter\zmcc\config/pagination.php
INFO - 2019-05-13 --> Helper loaded: url_helper
INFO - 2019-05-13 --> Helper loaded: array_helper
INFO - 2019-05-13 --> Database Driver Class Initialized
INFO - 2019-05-13 --> Session: Class initialized using 'database' driver.
INFO - 2019-05-13 --> Model Class Initialized
INFO - 2019-05-13 --> Controller Class Initialized
INFO - 2019-05-13 --> Model Class Initialized
INFO - 2019-05-13 --> Language file loaded: language/zh_cn/pagination_lang.php
INFO - 2019-05-13 --> Pagination Class Initialized
INFO - 2019-05-13 --> File loaded: D:\webroot\project_svn\shopbase\controllCenter\zmcc\views\productrankings.php
INFO - 2019-05-13 --> Final output sent to browser
DEBUG - 2019-05-13 --> Total execution time: 0.4011
INFO - 2019-05-13 --> Config Class Initialized
INFO - 2019-05-13 --> Hooks Class Initialized
DEBUG - 2019-05-13 --> UTF-8 Support Enabled
INFO - 2019-05-13 --> Utf8 Class Initialized
INFO - 2019-05-13 --> URI Class Initialized
INFO - 2019-05-13 --> Router Class Initialized
INFO - 2019-05-13 --> Output Class Initialized
INFO - 2019-05-13 --> Security Class Initialized
DEBUG - 2019-05-13 --> Global POST, GET and COOKIE data sanitized
INFO - 2019-05-13 --> Input Class Initialized
INFO - 2019-05-13 --> Language Class Initialized
INFO - 2019-05-13 --> Loader Class Initialized
DEBUG - 2019-05-13 --> Config file loaded: D:\webroot\project_svn\shopbase\controllCenter\zmcc\config/menu.php
DEBUG - 2019-05-13 --> Config file loaded: D:\webroot\project_svn\shopbase\controllCenter\zmcc\config/pagination.php
INFO - 2019-05-13 --> Helper loaded: url_helper
INFO - 2019-05-13 --> Helper loaded: array_helper
INFO - 2019-05-13 --> Database Driver Class Initialized
INFO - 2019-05-13 --> Session: Class initialized using 'database' driver.
INFO - 2019-05-13 --> Model Class Initialized
INFO - 2019-05-13 --> Controller Class Initialized
INFO - 2019-05-13 --> Model Class Initialized
INFO - 2019-05-13 --> Language file loaded: language/zh_cn/pagination_lang.php
INFO - 2019-05-13 --> Pagination Class Initialized
INFO - 2019-05-13 --> Helper loaded: form_helper
INFO - 2019-05-13 --> Form Validation Class Initialized
INFO - 2019-05-13 --> File loaded: D:\webroot\project_svn\shopbase\controllCenter\zmcc\views\order.php
INFO - 2019-05-13 --> Final output sent to browser
DEBUG - 2019-05-13 --> Total execution time: 0.7944
